{"name": "test_search_without_entering_any_product", "status": "failed", "statusDetails": {"message": "AssertionError: assert False\n +  where False = <method-wrapper '__eq__' of str object at 0x7f242cf7bb40>('There is no product that matches the search criteria. abc')\n +    where <method-wrapper '__eq__' of str object at 0x7f242cf7bb40> = 'There is no product that matches the search criteria.'.__eq__\n +      where 'There is no product that matches the search criteria.' = <bound method SearchPage.retrieve_no_product_message of <pagesobject.Searchpage.SearchPage object at 0x7f242d0c9e10>>()\n +        where <bound method SearchPage.retrieve_no_product_message of <pagesobject.Searchpage.SearchPage object at 0x7f242d0c9e10>> = <pagesobject.Searchpage.SearchPage object at 0x7f242d0c9e10>.retrieve_no_product_message", "trace": "self = <tests.test_search.TestSearch object at 0x7f242d332c50>\n\n    def test_search_without_entering_any_product(self):\n        home_page = HomePage(self.driver)\n        search_page = home_page.search_for_a_product(\"\")\n        expected_text = \"There is no product that matches the search criteria. abc\" # intentionally Failing\n>       assert search_page.retrieve_no_product_message().__eq__(expected_text)\nE       AssertionError: assert False\nE        +  where False = <method-wrapper '__eq__' of str object at 0x7f242cf7bb40>('There is no product that matches the search criteria. abc')\nE        +    where <method-wrapper '__eq__' of str object at 0x7f242cf7bb40> = 'There is no product that matches the search criteria.'.__eq__\nE        +      where 'There is no product that matches the search criteria.' = <bound method SearchPage.retrieve_no_product_message of <pagesobject.Searchpage.SearchPage object at 0x7f242d0c9e10>>()\nE        +        where <bound method SearchPage.retrieve_no_product_message of <pagesobject.Searchpage.SearchPage object at 0x7f242d0c9e10>> = <pagesobject.Searchpage.SearchPage object at 0x7f242d0c9e10>.retrieve_no_product_message\n\ntests/test_search.py:22: AssertionError"}, "start": 1700028918619, "stop": 1700028919214, "uuid": "4acd9509-04cb-4ea9-880e-343b8dcab29f", "historyId": "44c83ec0fed6d3f7e0e98d8724767c9f", "testCaseId": "44c83ec0fed6d3f7e0e98d8724767c9f", "fullName": "tests.test_search.TestSearch#test_search_without_entering_any_product", "labels": [{"name": "tag", "value": "@pytest.mark.usefixtures('setup_and_teardown', 'log_on_failure')"}, {"name": "parentSuite", "value": "tests"}, {"name": "suite", "value": "test_search"}, {"name": "subSuite", "value": "TestSearch"}, {"name": "host", "value": "awaisahmad-latitude-5490"}, {"name": "thread", "value": "137489-MainThread"}, {"name": "framework", "value": "pytest"}, {"name": "language", "value": "cpython3"}, {"name": "package", "value": "tests.test_search"}]}