{
  "uid" : "9e11e039a137d98a",
  "name" : "test_create_account_with_mandatory_fields",
  "fullName" : "tests.test_register.TestRegister#test_create_account_with_mandatory_fields",
  "historyId" : "68a0218840ff11b4f6ef1e0e30a89f06",
  "time" : {
    "start" : 1700028867490,
    "stop" : 1700028873069,
    "duration" : 5579
  },
  "status" : "broken",
  "statusMessage" : "selenium.common.exceptions.NoSuchElementException: Message: Unable to locate element: [id=\"input-firstname\"]; For documentation on this error, please visit: https://www.selenium.dev/documentation/webdriver/troubleshooting/errors#no-such-element-exception\nStacktrace:\nRemoteError@chrome://remote/content/shared/RemoteError.sys.mjs:8:8\nWebDriverError@chrome://remote/content/shared/webdriver/Errors.sys.mjs:189:5\nNoSuchElementError@chrome://remote/content/shared/webdriver/Errors.sys.mjs:507:5\ndom.find/</<@chrome://remote/content/shared/DOM.sys.mjs:132:16",
  "statusTrace" : "self = <tests.test_register.TestRegister object at 0x7f242d333640>\n\n    def test_create_account_with_mandatory_fields(self):\n        home_page = HomePage(self.driver)\n        register_page = home_page.navigate_to_register_page()\n>       account_creation_success_page = register_page.register_an_account(ExcelReader.get_cell_data(\"ExcelFiles/TestFile.ods\", \"RegisterTest\", \"2\",\"1\"),\n                                                                          ExcelReader.get_cell_data(\"ExcelFiles/TestFile.ods\", \"RegisterTest\", \"2\",\"2\"),\n                                                                          self.generate_email_time_stamp(),\n                                                                          ExcelReader.get_cell_data(\"ExcelFiles/TestFile.ods\", \"RegisterTest\", \"2\",\"3\"),\n                                                                          \"12345\", \"12345\", \"no\", \"yes\")\n\ntests/test_register.py:15: \n_ _ _ _ _ _ _ _ _ _ _ _ _ _ _ _ _ _ _ _ _ _ _ _ _ _ _ _ _ _ _ _ _ _ _ _ _ _ _ _ \npagesobject/RegisterPage.py:79: in register_an_account\n    self.enter_first_name(first_name)\npagesobject/RegisterPage.py:27: in enter_first_name\n    self.type_text(first_name, \"first_name_field_id\", self.first_name_field_id)\npagesobject/BasePage.py:10: in type_text\n    element = self.get_element(locator_name, locator_value)\npagesobject/BasePage.py:30: in get_element\n    element = self.driver.find_element(By.ID, locator_value)\nvenv/lib/python3.10/site-packages/selenium/webdriver/remote/webdriver.py:741: in find_element\n    return self.execute(Command.FIND_ELEMENT, {\"using\": by, \"value\": value})[\"value\"]\nvenv/lib/python3.10/site-packages/selenium/webdriver/remote/webdriver.py:347: in execute\n    self.error_handler.check_response(response)\n_ _ _ _ _ _ _ _ _ _ _ _ _ _ _ _ _ _ _ _ _ _ _ _ _ _ _ _ _ _ _ _ _ _ _ _ _ _ _ _ \n\nself = <selenium.webdriver.remote.errorhandler.ErrorHandler object at 0x7f242d2f77c0>\nresponse = {'status': 404, 'value': '{\"value\":{\"error\":\"no such element\",\"message\":\"Unable to locate element: [id=\\\\\"input-firstn.../content/shared/webdriver/Errors.sys.mjs:507:5\\\\ndom.find/</<@chrome://remote/content/shared/DOM.sys.mjs:132:16\\\\n\"}}'}\n\n    def check_response(self, response: Dict[str, Any]) -> None:\n        \"\"\"Checks that a JSON response from the WebDriver does not have an\n        error.\n    \n        :Args:\n         - response - The JSON response from the WebDriver server as a dictionary\n           object.\n    \n        :Raises: If the response contains an error message.\n        \"\"\"\n        status = response.get(\"status\", None)\n        if not status or status == ErrorCode.SUCCESS:\n            return\n        value = None\n        message = response.get(\"message\", \"\")\n        screen: str = response.get(\"screen\", \"\")\n        stacktrace = None\n        if isinstance(status, int):\n            value_json = response.get(\"value\", None)\n            if value_json and isinstance(value_json, str):\n                import json\n    \n                try:\n                    value = json.loads(value_json)\n                    if len(value) == 1:\n                        value = value[\"value\"]\n                    status = value.get(\"error\", None)\n                    if not status:\n                        status = value.get(\"status\", ErrorCode.UNKNOWN_ERROR)\n                        message = value.get(\"value\") or value.get(\"message\")\n                        if not isinstance(message, str):\n                            value = message\n                            message = message.get(\"message\")\n                    else:\n                        message = value.get(\"message\", None)\n                except ValueError:\n                    pass\n    \n        exception_class: Type[WebDriverException]\n        e = ErrorCode()\n        error_codes = [item for item in dir(e) if not item.startswith(\"__\")]\n        for error_code in error_codes:\n            error_info = getattr(ErrorCode, error_code)\n            if isinstance(error_info, list) and status in error_info:\n                exception_class = getattr(ExceptionMapping, error_code, WebDriverException)\n                break\n        else:\n            exception_class = WebDriverException\n    \n        if not value:\n            value = response[\"value\"]\n        if isinstance(value, str):\n            raise exception_class(value)\n        if message == \"\" and \"message\" in value:\n            message = value[\"message\"]\n    \n        screen = None  # type: ignore[assignment]\n        if \"screen\" in value:\n            screen = value[\"screen\"]\n    \n        stacktrace = None\n        st_value = value.get(\"stackTrace\") or value.get(\"stacktrace\")\n        if st_value:\n            if isinstance(st_value, str):\n                stacktrace = st_value.split(\"\\n\")\n            else:\n                stacktrace = []\n                try:\n                    for frame in st_value:\n                        line = frame.get(\"lineNumber\", \"\")\n                        file = frame.get(\"fileName\", \"<anonymous>\")\n                        if line:\n                            file = f\"{file}:{line}\"\n                        meth = frame.get(\"methodName\", \"<anonymous>\")\n                        if \"className\" in frame:\n                            meth = f\"{frame['className']}.{meth}\"\n                        msg = \"    at %s (%s)\"\n                        msg = msg % (meth, file)\n                        stacktrace.append(msg)\n                except TypeError:\n                    pass\n        if exception_class == UnexpectedAlertPresentException:\n            alert_text = None\n            if \"data\" in value:\n                alert_text = value[\"data\"].get(\"text\")\n            elif \"alert\" in value:\n                alert_text = value[\"alert\"].get(\"text\")\n            raise exception_class(message, screen, stacktrace, alert_text)  # type: ignore[call-arg]  # mypy is not smart enough here\n>       raise exception_class(message, screen, stacktrace)\nE       selenium.common.exceptions.NoSuchElementException: Message: Unable to locate element: [id=\"input-firstname\"]; For documentation on this error, please visit: https://www.selenium.dev/documentation/webdriver/troubleshooting/errors#no-such-element-exception\nE       Stacktrace:\nE       RemoteError@chrome://remote/content/shared/RemoteError.sys.mjs:8:8\nE       WebDriverError@chrome://remote/content/shared/webdriver/Errors.sys.mjs:189:5\nE       NoSuchElementError@chrome://remote/content/shared/webdriver/Errors.sys.mjs:507:5\nE       dom.find/</<@chrome://remote/content/shared/DOM.sys.mjs:132:16\n\nvenv/lib/python3.10/site-packages/selenium/webdriver/remote/errorhandler.py:229: NoSuchElementException",
  "flaky" : false,
  "beforeStages" : [ {
    "name" : "log_on_failure",
    "time" : {
      "start" : 1700028867489,
      "stop" : 1700028867490,
      "duration" : 1
    },
    "status" : "passed",
    "steps" : [ ],
    "attachments" : [ ],
    "parameters" : [ ],
    "stepsCount" : 0,
    "attachmentsCount" : 0,
    "shouldDisplayMessage" : false,
    "hasContent" : false
  }, {
    "name" : "setup_and_teardown",
    "time" : {
      "start" : 1700028862834,
      "stop" : 1700028867489,
      "duration" : 4655
    },
    "status" : "passed",
    "steps" : [ ],
    "attachments" : [ ],
    "parameters" : [ ],
    "stepsCount" : 0,
    "attachmentsCount" : 0,
    "shouldDisplayMessage" : false,
    "hasContent" : false
  } ],
  "afterStages" : [ {
    "name" : "log_on_failure::0",
    "time" : {
      "start" : 1700028873119,
      "stop" : 1700028873206,
      "duration" : 87
    },
    "status" : "passed",
    "steps" : [ ],
    "attachments" : [ {
      "uid" : "10021bb1eeb1059c",
      "name" : "failed_test",
      "source" : "10021bb1eeb1059c.png",
      "type" : "image/png",
      "size" : 416277
    } ],
    "parameters" : [ ],
    "stepsCount" : 0,
    "attachmentsCount" : 1,
    "shouldDisplayMessage" : false,
    "hasContent" : true
  }, {
    "name" : "setup_and_teardown::0",
    "time" : {
      "start" : 1700028873206,
      "stop" : 1700028873967,
      "duration" : 761
    },
    "status" : "passed",
    "steps" : [ ],
    "attachments" : [ ],
    "parameters" : [ ],
    "stepsCount" : 0,
    "attachmentsCount" : 0,
    "shouldDisplayMessage" : false,
    "hasContent" : false
  } ],
  "labels" : [ {
    "name" : "tag",
    "value" : "@pytest.mark.usefixtures('setup_and_teardown', 'log_on_failure')"
  }, {
    "name" : "parentSuite",
    "value" : "tests"
  }, {
    "name" : "suite",
    "value" : "test_register"
  }, {
    "name" : "subSuite",
    "value" : "TestRegister"
  }, {
    "name" : "host",
    "value" : "awaisahmad-latitude-5490"
  }, {
    "name" : "thread",
    "value" : "137489-MainThread"
  }, {
    "name" : "framework",
    "value" : "pytest"
  }, {
    "name" : "language",
    "value" : "cpython3"
  }, {
    "name" : "package",
    "value" : "tests.test_register"
  }, {
    "name" : "resultFormat",
    "value" : "allure2"
  } ],
  "parameters" : [ ],
  "links" : [ ],
  "hidden" : true,
  "retry" : true,
  "extra" : {
    "categories" : [ ],
    "tags" : [ "@pytest.mark.usefixtures('setup_and_teardown', 'log_on_failure')" ]
  },
  "source" : "9e11e039a137d98a.json",
  "parameterValues" : [ ]
}